-------------------------------------------------------------------------------
Test set: com.parkit.parkingsystem.integration.ParkingDataBaseIT
-------------------------------------------------------------------------------
Tests run: 3, Failures: 1, Errors: 0, Skipped: 0, Time elapsed: 1.652 s <<< FAILURE! - in com.parkit.parkingsystem.integration.ParkingDataBaseIT
testParkingLotExitRecurringUser  Time elapsed: 1.019 s  <<< FAILURE!
org.opentest4j.AssertionFailedError: L'heure de sortie doit être renseignée ==> expected: not <null>
	at com.parkit.parkingsystem.integration.ParkingDataBaseIT.testParkingLotExitRecurringUser(ParkingDataBaseIT.java:119)

